1294 [background-preinit] INFO  o.h.validator.internal.util.Version
                – HV000001: Hibernate Validator 8.0.0.Final
1387 [main] INFO  c.e.p.Practice16Application
                – Starting Practice16Application using Java 18.0.2.1 with PID 4940 (C:\Users\Пашок\IdeaProjects\practice19\target\classes started by Пашок in C:\Users\Пашок\IdeaProjects\practice19)
1390 [main] INFO  c.e.p.Practice16Application
                – No active profile set, falling back to 1 default profile: "default"
2692 [main] INFO  o.s.d.r.c.RepositoryConfigurationDelegate
                – Bootstrapping Spring Data JPA repositories in DEFAULT mode.
2836 [main] INFO  o.s.d.r.c.RepositoryConfigurationDelegate
                – Finished Spring Data repository scanning in 130 ms. Found 2 JPA repository interfaces.
3979 [main] INFO  o.s.b.w.e.tomcat.TomcatWebServer
                – Tomcat initialized with port(s): 8080 (http)
4001 [main] INFO  o.a.coyote.http11.Http11NioProtocol
                – Initializing ProtocolHandler ["http-nio-8080"]
4002 [main] INFO  o.a.catalina.core.StandardService
                – Starting service [Tomcat]
4003 [main] INFO  o.a.catalina.core.StandardEngine
                – Starting Servlet engine: [Apache Tomcat/10.1.8]
4207 [main] INFO  o.a.c.c.C.[Tomcat].[localhost].[/]
                – Initializing Spring embedded WebApplicationContext
4207 [main] INFO  o.s.b.w.s.c.ServletWebServerApplicationContext
                – Root WebApplicationContext: initialization completed in 2728 ms
4564 [main] INFO  o.h.jpa.internal.util.LogHelper
                – HHH000204: Processing PersistenceUnitInfo [name: default]
4662 [main] INFO  org.hibernate.Version
                – HHH000412: Hibernate ORM core version 6.1.7.Final
5245 [main] INFO  com.zaxxer.hikari.HikariDataSource
                – HikariPool-1 - Starting...
5599 [main] INFO  com.zaxxer.hikari.pool.HikariPool
                – HikariPool-1 - Added connection org.postgresql.jdbc.PgConnection@79f5a6ed
5602 [main] INFO  com.zaxxer.hikari.HikariDataSource
                – HikariPool-1 - Start completed.
5662 [main] INFO  SQL dialect
                – HHH000400: Using dialect: org.hibernate.dialect.PostgreSQLDialect
7471 [main] INFO  o.h.e.t.j.p.i.JtaPlatformInitiator
                – HHH000490: Using JtaPlatform implementation: [org.hibernate.engine.transaction.jta.platform.internal.NoJtaPlatform]
7506 [main] INFO  o.s.o.j.LocalContainerEntityManagerFactoryBean
                – Initialized JPA EntityManagerFactory for persistence unit 'default'
8123 [main] WARN  o.s.b.a.o.j.JpaBaseConfiguration$JpaWebConfiguration
                – spring.jpa.open-in-view is enabled by default. Therefore, database queries may be performed during view rendering. Explicitly configure spring.jpa.open-in-view to disable this warning
8778 [main] INFO  o.a.coyote.http11.Http11NioProtocol
                – Starting ProtocolHandler ["http-nio-8080"]
8809 [main] WARN  o.s.b.w.s.c.AnnotationConfigServletWebServerApplicationContext
                – Exception encountered during context initialization - cancelling refresh attempt: org.springframework.context.ApplicationContextException: Failed to start bean 'webServerStartStop'
8813 [main] INFO  o.s.o.j.LocalContainerEntityManagerFactoryBean
                – Closing JPA EntityManagerFactory for persistence unit 'default'
8818 [main] INFO  com.zaxxer.hikari.HikariDataSource
                – HikariPool-1 - Shutdown initiated...
8831 [main] INFO  com.zaxxer.hikari.HikariDataSource
                – HikariPool-1 - Shutdown completed.
8834 [main] INFO  o.a.coyote.http11.Http11NioProtocol
                – Pausing ProtocolHandler ["http-nio-8080"]
8835 [main] INFO  o.a.catalina.core.StandardService
                – Stopping service [Tomcat]
8851 [main] INFO  o.a.coyote.http11.Http11NioProtocol
                – Stopping ProtocolHandler ["http-nio-8080"]
8852 [main] INFO  o.a.coyote.http11.Http11NioProtocol
                – Destroying ProtocolHandler ["http-nio-8080"]
8871 [main] INFO  o.s.b.a.l.ConditionEvaluationReportLogger
                – 

Error starting ApplicationContext. To display the condition evaluation report re-run your application with 'debug' enabled.
8924 [main] ERROR o.s.b.d.LoggingFailureAnalysisReporter
                – 

***************************
APPLICATION FAILED TO START
***************************

Description:

Web server failed to start. Port 8080 was already in use.

Action:

Identify and stop the process that's listening on port 8080 or configure this application to listen on another port.

