673  [background-preinit] INFO  o.h.validator.internal.util.Version
                – HV000001: Hibernate Validator 8.0.0.Final
720  [main] INFO  c.e.p.Practice16Application
                – Starting Practice16Application using Java 18.0.2.1 with PID 21196 (C:\Users\Пашок\IdeaProjects\practicsSem2\src\practicsSem2.1\practice22\target\classes started by Пашок in C:\Users\Пашок\IdeaProjects\practicsSem2\src\practicsSem2.1\practice22)
721  [main] INFO  c.e.p.Practice16Application
                – No active profile set, falling back to 1 default profile: "default"
1395 [main] INFO  o.s.d.r.c.RepositoryConfigurationDelegate
                – Bootstrapping Spring Data JPA repositories in DEFAULT mode.
1457 [main] INFO  o.s.d.r.c.RepositoryConfigurationDelegate
                – Finished Spring Data repository scanning in 53 ms. Found 2 JPA repository interfaces.
1702 [main] INFO  o.s.c.s.PostProcessorRegistrationDelegate$BeanPostProcessorChecker
                – Bean 'profilingConfiguration' of type [com.example.practice16.config.ProfilingConfiguration$$SpringCGLIB$$0] is not eligible for getting processed by all BeanPostProcessors (for example: not eligible for auto-proxying)
1708 [main] INFO  o.s.c.s.PostProcessorRegistrationDelegate$BeanPostProcessorChecker
                – Bean 'performanceMonitorInterceptor' of type [org.springframework.aop.interceptor.PerformanceMonitorInterceptor] is not eligible for getting processed by all BeanPostProcessors (for example: not eligible for auto-proxying)
1709 [main] INFO  o.s.c.s.PostProcessorRegistrationDelegate$BeanPostProcessorChecker
                – Bean 'performanceMonitorAdvisor' of type [org.springframework.aop.support.DefaultPointcutAdvisor] is not eligible for getting processed by all BeanPostProcessors (for example: not eligible for auto-proxying)
2079 [main] INFO  o.s.b.w.e.tomcat.TomcatWebServer
                – Tomcat initialized with port(s): 8080 (http)
2089 [main] INFO  o.a.coyote.http11.Http11NioProtocol
                – Initializing ProtocolHandler ["http-nio-8080"]
2090 [main] INFO  o.a.catalina.core.StandardService
                – Starting service [Tomcat]
2090 [main] INFO  o.a.catalina.core.StandardEngine
                – Starting Servlet engine: [Apache Tomcat/10.1.8]
2197 [main] INFO  o.a.c.c.C.[Tomcat].[localhost].[/]
                – Initializing Spring embedded WebApplicationContext
2197 [main] INFO  o.s.b.w.s.c.ServletWebServerApplicationContext
                – Root WebApplicationContext: initialization completed in 1436 ms
2363 [main] INFO  o.h.jpa.internal.util.LogHelper
                – HHH000204: Processing PersistenceUnitInfo [name: default]
2441 [main] INFO  org.hibernate.Version
                – HHH000412: Hibernate ORM core version 6.1.7.Final
2755 [main] INFO  com.zaxxer.hikari.HikariDataSource
                – HikariPool-1 - Starting...
2924 [main] INFO  com.zaxxer.hikari.pool.HikariPool
                – HikariPool-1 - Added connection org.postgresql.jdbc.PgConnection@1a2724d3
2925 [main] INFO  com.zaxxer.hikari.HikariDataSource
                – HikariPool-1 - Start completed.
2960 [main] INFO  SQL dialect
                – HHH000400: Using dialect: org.hibernate.dialect.PostgreSQLDialect
3856 [main] INFO  o.h.e.t.j.p.i.JtaPlatformInitiator
                – HHH000490: Using JtaPlatform implementation: [org.hibernate.engine.transaction.jta.platform.internal.NoJtaPlatform]
3866 [main] INFO  o.s.o.j.LocalContainerEntityManagerFactoryBean
                – Initialized JPA EntityManagerFactory for persistence unit 'default'
4262 [main] WARN  o.s.b.a.o.j.JpaBaseConfiguration$JpaWebConfiguration
                – spring.jpa.open-in-view is enabled by default. Therefore, database queries may be performed during view rendering. Explicitly configure spring.jpa.open-in-view to disable this warning
4611 [main] INFO  o.a.coyote.http11.Http11NioProtocol
                – Starting ProtocolHandler ["http-nio-8080"]
4634 [main] INFO  o.s.b.w.e.tomcat.TomcatWebServer
                – Tomcat started on port(s): 8080 (http) with context path ''
4649 [main] INFO  c.e.p.Practice16Application
                – Started Practice16Application in 4.282 seconds (process running for 5.267)
96444 [SpringApplicationShutdownHook] INFO  o.s.o.j.LocalContainerEntityManagerFactoryBean
                – Closing JPA EntityManagerFactory for persistence unit 'default'
96451 [SpringApplicationShutdownHook] INFO  com.zaxxer.hikari.HikariDataSource
                – HikariPool-1 - Shutdown initiated...
96462 [SpringApplicationShutdownHook] INFO  com.zaxxer.hikari.HikariDataSource
                – HikariPool-1 - Shutdown completed.
